Looking for git in: git
Using git 2.25.1 from git
> git rev-parse --git-dir
Open repository: /home/boseong/Github
> git status -z -u
> git symbolic-ref --short HEAD
> git rev-parse BS
> git rev-parse --symbolic-full-name BS@{u}
> git rev-list --left-right BS...refs/remotes/origin/BS
> git for-each-ref --sort -committerdate --format %(refname) %(objectname) %(*objectname)
> git remote --verbose
> git config --get commit.template
> git check-ignore -v -z --stdin
> git check-ignore -v -z --stdin
> git check-ignore -v -z --stdin
> git check-ignore -v -z --stdin
> git show --textconv :BS/archive_sns/src/App.test.js
> git ls-files --stage -- /home/boseong/Github/BS/archive_sns/src/App.test.js
> git show --textconv :BS/archive_sns/src/App.js
> git ls-files --stage -- /home/boseong/Github/BS/archive_sns/src/App.js
> git status -z -u
> git symbolic-ref --short HEAD
> git rev-parse BS
> git rev-parse --symbolic-full-name BS@{u}
> git rev-list --left-right BS...refs/remotes/origin/BS
> git for-each-ref --sort -committerdate --format %(refname) %(objectname) %(*objectname)
> git remote --verbose
> git config --get commit.template
> git show --textconv :BS/archive_sns/src/App.test.js
> git ls-files --stage -- /home/boseong/Github/BS/archive_sns/src/App.test.js
> git status -z -u
> git symbolic-ref --short HEAD
> git rev-parse BS
> git rev-parse --symbolic-full-name BS@{u}
> git rev-list --left-right BS...refs/remotes/origin/BS
> git for-each-ref --sort -committerdate --format %(refname) %(objectname) %(*objectname)
> git remote --verbose
> git config --get commit.template
> git show --textconv :BS/archive_sns/src/App.js
> git ls-files --stage -- /home/boseong/Github/BS/archive_sns/src/App.js
> git status -z -u
> git symbolic-ref --short HEAD
> git rev-parse BS
> git rev-parse --symbolic-full-name BS@{u}
> git rev-list --left-right BS...refs/remotes/origin/BS
> git for-each-ref --sort -committerdate --format %(refname) %(objectname) %(*objectname)
> git remote --verbose
> git config --get commit.template
> git show --textconv :BS/archive_sns/src/App.test.js
> git ls-files --stage -- /home/boseong/Github/BS/archive_sns/src/App.test.js
> git status -z -u
> git symbolic-ref --short HEAD
> git rev-parse BS
> git rev-parse --symbolic-full-name BS@{u}
> git rev-list --left-right BS...refs/remotes/origin/BS
> git for-each-ref --sort -committerdate --format %(refname) %(objectname) %(*objectname)
> git remote --verbose
> git config --get commit.template
> git show --textconv :BS/archive_sns/src/App.css
> git ls-files --stage -- /home/boseong/Github/BS/archive_sns/src/App.css
> git show --textconv :BS/archive_sns/src/App.test.js
> git ls-files --stage -- /home/boseong/Github/BS/archive_sns/src/App.test.js
> git status -z -u
> git symbolic-ref --short HEAD
> git rev-parse BS
> git rev-parse --symbolic-full-name BS@{u}
> git rev-list --left-right BS...refs/remotes/origin/BS
> git for-each-ref --sort -committerdate --format %(refname) %(objectname) %(*objectname)
> git remote --verbose
> git config --get commit.template
> git show --textconv :BS/archive_sns/src/App.css
> git ls-files --stage -- /home/boseong/Github/BS/archive_sns/src/App.css
> git show --textconv :BS/archive_sns/src/App.js
> git ls-files --stage -- /home/boseong/Github/BS/archive_sns/src/App.js
> git status -z -u
> git symbolic-ref --short HEAD
> git rev-parse BS
> git rev-parse --symbolic-full-name BS@{u}
> git rev-list --left-right BS...refs/remotes/origin/BS
> git for-each-ref --sort -committerdate --format %(refname) %(objectname) %(*objectname)
> git remote --verbose
> git config --get commit.template
> git show --textconv :BS/archive_sns/src/index.js
> git ls-files --stage -- /home/boseong/Github/BS/archive_sns/src/index.js
> git show --textconv :BS/archive_sns/src/App.js
> git ls-files --stage -- /home/boseong/Github/BS/archive_sns/src/App.js
> git status -z -u
> git symbolic-ref --short HEAD
> git rev-parse BS
> git rev-parse --symbolic-full-name BS@{u}
> git rev-list --left-right BS...refs/remotes/origin/BS
> git for-each-ref --sort -committerdate --format %(refname) %(objectname) %(*objectname)
> git remote --verbose
> git config --get commit.template
> git show --textconv :BS/archive_sns/src/index.js
> git ls-files --stage -- /home/boseong/Github/BS/archive_sns/src/index.js
> git show --textconv :BS/archive_sns/src/index.css
> git ls-files --stage -- /home/boseong/Github/BS/archive_sns/src/index.css
> git show --textconv :BS/archive_sns/src/index.js
> git ls-files --stage -- /home/boseong/Github/BS/archive_sns/src/index.js
> git status -z -u
> git symbolic-ref --short HEAD
> git rev-parse BS
> git rev-parse --symbolic-full-name BS@{u}
> git rev-list --left-right BS...refs/remotes/origin/BS
> git for-each-ref --sort -committerdate --format %(refname) %(objectname) %(*objectname)
> git remote --verbose
> git config --get commit.template
> git show --textconv :BS/archive_sns/src/App.js
> git ls-files --stage -- /home/boseong/Github/BS/archive_sns/src/App.js
> git check-ignore -v -z --stdin
> git status -z -u
> git symbolic-ref --short HEAD
> git rev-parse BS
> git rev-parse --symbolic-full-name BS@{u}
> git rev-list --left-right BS...refs/remotes/origin/BS
> git for-each-ref --sort -committerdate --format %(refname) %(objectname) %(*objectname)
> git remote --verbose
> git config --get commit.template
> git check-ignore -v -z --stdin
> git check-ignore -v -z --stdin
> git status -z -u
> git symbolic-ref --short HEAD
> git rev-parse BS
> git rev-parse --symbolic-full-name BS@{u}
> git rev-list --left-right BS...refs/remotes/origin/BS
> git for-each-ref --sort -committerdate --format %(refname) %(objectname) %(*objectname)
> git remote --verbose
> git config --get commit.template
> git log --format=%H%n%aN%n%aE%n%at%n%ct%n%P%n%B -z -n21 -- /home/boseong/Github/BS/archive_sns/src/App.js
> git status -z -u
> git symbolic-ref --short HEAD
> git rev-parse BS
> git rev-parse --symbolic-full-name BS@{u}
> git rev-list --left-right BS...refs/remotes/origin/BS
> git for-each-ref --sort -committerdate --format %(refname) %(objectname) %(*objectname)
> git remote --verbose
> git config --get commit.template
> git check-ignore -v -z --stdin
> git check-ignore -v -z --stdin
> git show --textconv :BS/archive_sns/src/pages/Home.js
> git ls-files --stage -- /home/boseong/Github/BS/archive_sns/src/pages/Home.js
> git show --textconv :BS/archive_sns/src/App.js
> git ls-files --stage -- /home/boseong/Github/BS/archive_sns/src/App.js
> git log --format=%H%n%aN%n%aE%n%at%n%ct%n%P%n%B -z -n21 -- /home/boseong/Github/BS/archive_sns/src/App.js
> git status -z -u
> git symbolic-ref --short HEAD
> git rev-parse BS
> git rev-parse --symbolic-full-name BS@{u}
> git rev-list --left-right BS...refs/remotes/origin/BS
> git for-each-ref --sort -committerdate --format %(refname) %(objectname) %(*objectname)
> git remote --verbose
> git config --get commit.template
> git show --textconv :BS/archive_sns/src/pages/Home.js
> git ls-files --stage -- /home/boseong/Github/BS/archive_sns/src/pages/Home.js
> git show --textconv :BS/archive_sns/src/App.js
> git ls-files --stage -- /home/boseong/Github/BS/archive_sns/src/App.js
> git show --textconv :BS/archive_sns/src/pages/Home.js
> git ls-files --stage -- /home/boseong/Github/BS/archive_sns/src/pages/Home.js
> git show --textconv :BS/archive_sns/src/App.css
> git ls-files --stage -- /home/boseong/Github/BS/archive_sns/src/App.css
> git status -z -u
> git symbolic-ref --short HEAD
> git rev-parse BS
> git rev-parse --symbolic-full-name BS@{u}
> git rev-list --left-right BS...refs/remotes/origin/BS
> git for-each-ref --sort -committerdate --format %(refname) %(objectname) %(*objectname)
> git remote --verbose
> git config --get commit.template
> git show --textconv :BS/archive_sns/src/App.test.js
> git ls-files --stage -- /home/boseong/Github/BS/archive_sns/src/App.test.js
> git show --textconv :BS/archive_sns/src/App.js
> git ls-files --stage -- /home/boseong/Github/BS/archive_sns/src/App.js
> git show --textconv :BS/archive_sns/src/pages/index.js
> git ls-files --stage -- /home/boseong/Github/BS/archive_sns/src/pages/index.js
> git show --textconv :BS/archive_sns/src/pages/LoginForm.js
> git ls-files --stage -- /home/boseong/Github/BS/archive_sns/src/pages/LoginForm.js
> git show --textconv :BS/archive_sns/src/pages/Home.js
> git ls-files --stage -- /home/boseong/Github/BS/archive_sns/src/pages/Home.js
> git show --textconv :BS/archive_sns/src/pages/User.js
> git ls-files --stage -- /home/boseong/Github/BS/archive_sns/src/pages/User.js
> git show --textconv :BS/archive_sns/src/App.js
> git ls-files --stage -- /home/boseong/Github/BS/archive_sns/src/App.js
> git show --textconv :BS/archive_sns/src/pages/User.js
> git ls-files --stage -- /home/boseong/Github/BS/archive_sns/src/pages/User.js
> git log --format=%H%n%aN%n%aE%n%at%n%ct%n%P%n%B -z -n21 -- /home/boseong/Github/BS/archive_sns/src/pages/User.js
> git log --format=%H%n%aN%n%aE%n%at%n%ct%n%P%n%B -z -n41 -- /home/boseong/Github/BS/archive_sns/src/pages/User.js
> git show --textconv :BS/archive_sns/src/App.js
> git ls-files --stage -- /home/boseong/Github/BS/archive_sns/src/App.js
> git show --textconv :BS/archive_sns/src/App.css
> git ls-files --stage -- /home/boseong/Github/BS/archive_sns/src/App.css
> git log --format=%H%n%aN%n%aE%n%at%n%ct%n%P%n%B -z -n21 -- /home/boseong/Github/BS/archive_sns/src/App.css
> git log --format=%H%n%aN%n%aE%n%at%n%ct%n%P%n%B -z -n41 -- /home/boseong/Github/BS/archive_sns/src/App.css
> git show --textconv :BS/archive_sns/src/App.js
> git ls-files --stage -- /home/boseong/Github/BS/archive_sns/src/App.js
> git status -z -u
> git symbolic-ref --short HEAD
> git rev-parse BS
> git rev-parse --symbolic-full-name BS@{u}
> git rev-list --left-right BS...refs/remotes/origin/BS
> git for-each-ref --sort -committerdate --format %(refname) %(objectname) %(*objectname)
> git remote --verbose
> git config --get commit.template
> git status -z -u
> git symbolic-ref --short HEAD
> git rev-parse BS
> git rev-parse --symbolic-full-name BS@{u}
> git rev-list --left-right BS...refs/remotes/origin/BS
> git for-each-ref --sort -committerdate --format %(refname) %(objectname) %(*objectname)
> git remote --verbose
> git config --get commit.template
> git status -z -u
> git symbolic-ref --short HEAD
> git rev-parse BS
> git rev-parse --symbolic-full-name BS@{u}
> git rev-list --left-right BS...refs/remotes/origin/BS
> git for-each-ref --sort -committerdate --format %(refname) %(objectname) %(*objectname)
> git remote --verbose
> git config --get commit.template
> git status -z -u
> git symbolic-ref --short HEAD
> git rev-parse BS
> git rev-parse --symbolic-full-name BS@{u}
> git rev-list --left-right BS...refs/remotes/origin/BS
> git for-each-ref --sort -committerdate --format %(refname) %(objectname) %(*objectname)
> git remote --verbose
> git config --get commit.template
> git status -z -u
> git symbolic-ref --short HEAD
> git rev-parse BS
> git rev-parse --symbolic-full-name BS@{u}
> git rev-list --left-right BS...refs/remotes/origin/BS
> git for-each-ref --sort -committerdate --format %(refname) %(objectname) %(*objectname)
> git remote --verbose
> git config --get commit.template
> git status -z -u
> git symbolic-ref --short HEAD
> git rev-parse BS
> git rev-parse --symbolic-full-name BS@{u}
> git rev-list --left-right BS...refs/remotes/origin/BS
> git for-each-ref --sort -committerdate --format %(refname) %(objectname) %(*objectname)
> git remote --verbose
> git config --get commit.template
> git status -z -u
> git symbolic-ref --short HEAD
> git rev-parse BS
> git rev-parse --symbolic-full-name BS@{u}
> git rev-list --left-right BS...refs/remotes/origin/BS
> git for-each-ref --sort -committerdate --format %(refname) %(objectname) %(*objectname)
> git remote --verbose
> git config --get commit.template
> git status -z -u
> git symbolic-ref --short HEAD
> git rev-parse BS
> git rev-parse --symbolic-full-name BS@{u}
> git rev-list --left-right BS...refs/remotes/origin/BS
> git for-each-ref --sort -committerdate --format %(refname) %(objectname) %(*objectname)
> git remote --verbose
> git config --get commit.template
> git status -z -u
> git symbolic-ref --short HEAD
> git rev-parse BS
> git rev-parse --symbolic-full-name BS@{u}
> git rev-list --left-right BS...refs/remotes/origin/BS
> git for-each-ref --sort -committerdate --format %(refname) %(objectname) %(*objectname)
> git remote --verbose
> git config --get commit.template
> git status -z -u
> git symbolic-ref --short HEAD
> git rev-parse BS
> git rev-parse --symbolic-full-name BS@{u}
> git rev-list --left-right BS...refs/remotes/origin/BS
> git for-each-ref --sort -committerdate --format %(refname) %(objectname) %(*objectname)
> git remote --verbose
> git config --get commit.template
> git log --format=%H%n%aN%n%aE%n%at%n%ct%n%P%n%B -z -n21 -- /home/boseong/Github/BS/archive_sns/src/App.js
> git check-ignore -v -z --stdin
> git status -z -u
> git symbolic-ref --short HEAD
> git rev-parse BS
> git rev-parse --symbolic-full-name BS@{u}
> git rev-list --left-right BS...refs/remotes/origin/BS
> git for-each-ref --sort -committerdate --format %(refname) %(objectname) %(*objectname)
> git remote --verbose
> git config --get commit.template
